Unity Editor version:    2020.3.25f1 (9b9180224418)
Branch:                  2020.3/staging
Build type:              Release
Batch mode:              YES
macOS version:           Version 11.5.2 (Build 20G95)
Darwin version:          20.6.0
Architecture:            x86_64
Running under Rosetta:   NO
Available memory:        8192 MB
Using pre-set license
Pro License: NO

COMMAND LINE ARGUMENTS:
/Applications/Unity/Hub/Editor/2020.3.25f1/Unity.app/Contents/MacOS/Unity
-adb2
-batchMode
-noUpm
-name
AssetImportWorker0
-projectPath
/Users/decodeme/Documents/GitHub/unity-ref-particle-system
-logFile
Logs/AssetImportWorker0.log
-srvPort
49423
Successfully changed project path to: /Users/decodeme/Documents/GitHub/unity-ref-particle-system
/Users/decodeme/Documents/GitHub/unity-ref-particle-system
Using Asset Import Pipeline V2.
Refreshing native plugins compatible for Editor in 77.10 ms, found 2 plugins.
Preloading 0 native plugins for Editor in 0.00 ms.
Initialize engine version: 2020.3.25f1 (9b9180224418)
[Subsystems] Discovering subsystems at path /Applications/Unity/Hub/Editor/2020.3.25f1/Unity.app/Contents/Resources/UnitySubsystems
[Subsystems] Discovering subsystems at path /Users/decodeme/Documents/GitHub/unity-ref-particle-system/Assets
GfxDevice: creating device client; threaded=0
2022-01-19 07:07:30.296 Unity[807:9567] Color LCD preferred device: Intel(R) UHD Graphics 617 (low power)
2022-01-19 07:07:30.296 Unity[807:9567] Metal devices available: 1
2022-01-19 07:07:30.296 Unity[807:9567] 0: Intel(R) UHD Graphics 617 (low power)
2022-01-19 07:07:30.296 Unity[807:9567] Using device Intel(R) UHD Graphics 617 (low power)
Initializing Metal device caps: Intel(R) UHD Graphics 617
Initialize mono
Mono path[0] = '/Applications/Unity/Hub/Editor/2020.3.25f1/Unity.app/Contents/Managed'
Mono path[1] = '/Applications/Unity/Hub/Editor/2020.3.25f1/Unity.app/Contents/MonoBleedingEdge/lib/mono/unityjit'
Mono config path = '/Applications/Unity/Hub/Editor/2020.3.25f1/Unity.app/Contents/MonoBleedingEdge/etc'
Using monoOptions --debugger-agent=transport=dt_socket,embedding=1,server=y,suspend=n,address=127.0.0.1:56807
Begin MonoManager ReloadAssembly
Registering precompiled unity dll's ...
Register platform support module: /Applications/Unity/Hub/Editor/2020.3.25f1/PlaybackEngines/WebGLSupport/UnityEditor.WebGL.Extensions.dll
Register platform support module: /Applications/Unity/Hub/Editor/2020.3.25f1/Unity.app/Contents/PlaybackEngines/MacStandaloneSupport/UnityEditor.OSXStandalone.Extensions.dll
Registered in 0.005698 seconds.
Native extension for OSXStandalone target not found
Native extension for WebGL target not found
Refreshing native plugins compatible for Editor in 54.03 ms, found 2 plugins.
Preloading 0 native plugins for Editor in 0.00 ms.
Mono: successfully reloaded assembly
- Completed reload, in  1.276 seconds
Domain Reload Profiling:
	ReloadAssembly (1276ms)
		BeginReloadAssembly (96ms)
			ExecutionOrderSort (0ms)
			DisableScriptedObjects (0ms)
			BackupInstance (0ms)
			ReleaseScriptingObjects (0ms)
			CreateAndSetChildDomain (2ms)
		EndReloadAssembly (995ms)
			LoadAssemblies (98ms)
			RebuildTransferFunctionScriptingTraits (0ms)
			SetupTypeCache (408ms)
			ReleaseScriptCaches (0ms)
			RebuildScriptCaches (84ms)
			SetupLoadedEditorAssemblies (331ms)
				LogAssemblyErrors (0ms)
				InitializePlatformSupportModulesInManaged (9ms)
				SetLoadedEditorAssemblies (0ms)
				RefreshPlugins (54ms)
				BeforeProcessingInitializeOnLoad (22ms)
				ProcessInitializeOnLoadAttributes (183ms)
				ProcessInitializeOnLoadMethodAttributes (62ms)
				AfterProcessingInitializeOnLoad (0ms)
				EditorAssembliesLoaded (1ms)
			ExecutionOrderSort2 (0ms)
			AwakeInstancesAfterBackupRestoration (0ms)
Platform modules already initialized, skipping
Registering precompiled user dll's ...
Registered in 0.011369 seconds.
Begin MonoManager ReloadAssembly
Native extension for OSXStandalone target not found
Native extension for WebGL target not found
Refreshing native plugins compatible for Editor in 0.40 ms, found 2 plugins.
Preloading 0 native plugins for Editor in 0.00 ms.
Mono: successfully reloaded assembly
- Completed reload, in  2.407 seconds
Domain Reload Profiling:
	ReloadAssembly (2414ms)
		BeginReloadAssembly (357ms)
			ExecutionOrderSort (0ms)
			DisableScriptedObjects (20ms)
			BackupInstance (0ms)
			ReleaseScriptingObjects (0ms)
			CreateAndSetChildDomain (71ms)
		EndReloadAssembly (1925ms)
			LoadAssemblies (234ms)
			RebuildTransferFunctionScriptingTraits (0ms)
			SetupTypeCache (830ms)
			ReleaseScriptCaches (1ms)
			RebuildScriptCaches (113ms)
			SetupLoadedEditorAssemblies (536ms)
				LogAssemblyErrors (0ms)
				InitializePlatformSupportModulesInManaged (12ms)
				SetLoadedEditorAssemblies (1ms)
				RefreshPlugins (0ms)
				BeforeProcessingInitializeOnLoad (97ms)
				ProcessInitializeOnLoadAttributes (404ms)
				ProcessInitializeOnLoadMethodAttributes (19ms)
				AfterProcessingInitializeOnLoad (2ms)
				EditorAssembliesLoaded (0ms)
			ExecutionOrderSort2 (0ms)
			AwakeInstancesAfterBackupRestoration (15ms)
Platform modules already initialized, skipping
Validating Project structure ... 0.001246 seconds.
Shader import version has changed; will reimport all shaders...
Upgrading shader files ...0.000692 seconds.
Application.AssetDatabase Initial Script Refresh Start
RefreshInfo: InitialScriptRefreshV2(NoUpdateAssetOptions) scanfilter:  ... 1 filters
RefreshProfiler: Total: 0.000ms
Application.AssetDatabase Initial Script Refresh End
Application.AssetDatabase.Refresh Start
Application.AssetDatabase.Refresh End
RefreshInfo: StopAssetImportingV2(ForceSynchronousImport) scanfilter: 
RefreshProfiler: Total: 0.000ms
Launching external process: /Applications/Unity/Hub/Editor/2020.3.25f1/Unity.app/Contents/Tools/UnityShaderCompiler
Launched and connected shader compiler UnityShaderCompiler after 0.02 seconds
Initializing Unity extensions:
========================================================================
Worker process is ready to serve import requests
Refreshing native plugins compatible for Editor in 0.44 ms, found 2 plugins.
Preloading 0 native plugins for Editor in 0.00 ms.
Unloading 1502 Unused Serialized files (Serialized files now loaded: 0)
System memory in use before: 179.4 MB.
System memory in use after: 179.2 MB.

Unloading 77 unused Assets to reduce memory usage. Loaded Objects now: 1994.
Total: 11.001148 ms (FindLiveObjects: 0.225984 ms CreateObjectMapping: 0.086500 ms MarkObjects: 7.561610 ms  DeleteObjects: 3.125359 ms)

AssetImportParameters requested are different than current active one (requested -> active):
  custom:video-decoder-ogg-theora: a1e56fd34408186e4bbccfd4996cb3dc -> 
  custom:container-muxer-webm: aa71ff27fc2769a1b78a27578f13a17b -> 
  custom:container-demuxer-webm: 4f35f7cbe854078d1ac9338744f61a02 -> 
  custom:container-demuxer-ogg: 62fdf1f143b41e24485cea50d1cbac27 -> 
  custom:video-encoder-webm-vp8: eb34c28f22e8b96e1ab97ce403110664 -> 
  custom:framework-osx-AVFoundation: e770b220cccbd017edd2c1fefb359320 -> 
  custom:video-decoder-webm-vp8: 9c59270c3fd7afecdb556c50c9e8de78 -> 
  custom:audio-decoder-ogg-vorbis: bf7c407c2cedff20999df2af8eb42d56 -> 
  custom:audio-encoder-webm-vorbis: bf7c407c2cedff20999df2af8eb42d56 -> 
========================================================================
Received Import Request.
  path: Assets/_Scenes/Mix.unity
  artifactKey: Guid(5bd9264fd7f97764f97a372771ccc781) Importer(815301076,1909f56bfc062723c751e8b465ee728b)
Start importing Assets/_Scenes/Mix.unity using Guid(5bd9264fd7f97764f97a372771ccc781) Importer(815301076,1909f56bfc062723c751e8b465ee728b)  -> (artifact id: '49d7ffaec7b466edb508d155ac783fb2') in 0.134628 seconds 
  Import took 0.156938 seconds .

========================================================================
Received Import Request.
  Time since last request: 48.521371 seconds.
  path: Assets/_Scenes/Mix 1.unity
  artifactKey: Guid(d69ef3a3414bc48d9985523405a810c9) Importer(815301076,1909f56bfc062723c751e8b465ee728b)
Start importing Assets/_Scenes/Mix 1.unity using Guid(d69ef3a3414bc48d9985523405a810c9) Importer(815301076,1909f56bfc062723c751e8b465ee728b)  -> (artifact id: '150115c7d2963a6bfbb68a90b2efea40') in 0.010605 seconds 
  Import took 0.023137 seconds .

========================================================================
Received Import Request.
  Time since last request: 1.034747 seconds.
  path: Assets/_Scenes/Mix 2.unity
  artifactKey: Guid(58d28777e351d47cdb7d7b70864edb2d) Importer(815301076,1909f56bfc062723c751e8b465ee728b)
Start importing Assets/_Scenes/Mix 2.unity using Guid(58d28777e351d47cdb7d7b70864edb2d) Importer(815301076,1909f56bfc062723c751e8b465ee728b)  -> (artifact id: '9adf41c2d78823ad89dd6eda9868a765') in 0.005677 seconds 
  Import took 0.015920 seconds .

========================================================================
Received Import Request.
  Time since last request: 7.802304 seconds.
  path: Assets/_Scenes/Fire.unity
  artifactKey: Guid(5bd9264fd7f97764f97a372771ccc781) Importer(815301076,1909f56bfc062723c751e8b465ee728b)
Start importing Assets/_Scenes/Fire.unity using Guid(5bd9264fd7f97764f97a372771ccc781) Importer(815301076,1909f56bfc062723c751e8b465ee728b)  -> (artifact id: 'f9f75446a26e35fe3682a381da9d414a') in 0.002569 seconds 
  Import took 0.007153 seconds .

========================================================================
Received Import Request.
  Time since last request: 14.475775 seconds.
  path: Assets/_Scenes/Confetti.unity
  artifactKey: Guid(58d28777e351d47cdb7d7b70864edb2d) Importer(815301076,1909f56bfc062723c751e8b465ee728b)
Start importing Assets/_Scenes/Confetti.unity using Guid(58d28777e351d47cdb7d7b70864edb2d) Importer(815301076,1909f56bfc062723c751e8b465ee728b)  -> (artifact id: 'f97d958e95c6f09728965ebb4d70d6a0') in 0.003605 seconds 
  Import took 0.010633 seconds .

========================================================================
Received Import Request.
  Time since last request: 26.924241 seconds.
  path: Assets/_Scenes/Stars Warp Drive Effect.unity
  artifactKey: Guid(d69ef3a3414bc48d9985523405a810c9) Importer(815301076,1909f56bfc062723c751e8b465ee728b)
Start importing Assets/_Scenes/Stars Warp Drive Effect.unity using Guid(d69ef3a3414bc48d9985523405a810c9) Importer(815301076,1909f56bfc062723c751e8b465ee728b)  -> (artifact id: 'd6b38e75e408381f39caf8cc27f4ecf3') in 0.005130 seconds 
  Import took 0.011938 seconds .

========================================================================
Received Import Request.
  Time since last request: 6.696578 seconds.
  path: Assets/_Scenes/Confetti.unity
  artifactKey: Guid(58d28777e351d47cdb7d7b70864edb2d) Importer(815301076,1909f56bfc062723c751e8b465ee728b)
Start importing Assets/_Scenes/Confetti.unity using Guid(58d28777e351d47cdb7d7b70864edb2d) Importer(815301076,1909f56bfc062723c751e8b465ee728b)  -> (artifact id: '741253966f14bb3fe5859095db8559aa') in 0.009326 seconds 
  Import took 0.017619 seconds .

========================================================================
Received Import Request.
  Time since last request: 7.020222 seconds.
  path: Assets/_Scenes/Confetti.unity
  artifactKey: Guid(58d28777e351d47cdb7d7b70864edb2d) Importer(815301076,1909f56bfc062723c751e8b465ee728b)
Start importing Assets/_Scenes/Confetti.unity using Guid(58d28777e351d47cdb7d7b70864edb2d) Importer(815301076,1909f56bfc062723c751e8b465ee728b)  -> (artifact id: '254487173ec0901504c7639386fcdcbd') in 0.005018 seconds 
  Import took 0.013091 seconds .

========================================================================
Received Import Request.
  Time since last request: 0.959954 seconds.
  path: Assets/_Scenes/Fire.unity
  artifactKey: Guid(5bd9264fd7f97764f97a372771ccc781) Importer(815301076,1909f56bfc062723c751e8b465ee728b)
Start importing Assets/_Scenes/Fire.unity using Guid(5bd9264fd7f97764f97a372771ccc781) Importer(815301076,1909f56bfc062723c751e8b465ee728b)  -> (artifact id: 'a06cdcc3295c7592b077caa647ef1a94') in 0.002049 seconds 
  Import took 0.008780 seconds .

========================================================================
Received Import Request.
  Time since last request: 2.838794 seconds.
  path: Assets/_Scenes/Random1.unity
  artifactKey: Guid(775de9df49ad14d0fae7f7cae093ab10) Importer(815301076,1909f56bfc062723c751e8b465ee728b)
Start importing Assets/_Scenes/Random1.unity using Guid(775de9df49ad14d0fae7f7cae093ab10) Importer(815301076,1909f56bfc062723c751e8b465ee728b)  -> (artifact id: '0865e37de2c7be261901dc1374f4b810') in 0.010915 seconds 
  Import took 0.021953 seconds .

========================================================================
Received Import Request.
  Time since last request: 126.309983 seconds.
  path: Assets/_Scenes/Confetti 1.unity
  artifactKey: Guid(c16beb2d969ef47d0832cf02c59e184f) Importer(815301076,1909f56bfc062723c751e8b465ee728b)
Start importing Assets/_Scenes/Confetti 1.unity using Guid(c16beb2d969ef47d0832cf02c59e184f) Importer(815301076,1909f56bfc062723c751e8b465ee728b)  -> (artifact id: '692467d31a305b94adff8744cbaba606') in 0.007682 seconds 
  Import took 0.017627 seconds .

========================================================================
Received Import Request.
  Time since last request: 6.219164 seconds.
  path: Assets/_Scenes/Confetti2.unity
  artifactKey: Guid(c16beb2d969ef47d0832cf02c59e184f) Importer(815301076,1909f56bfc062723c751e8b465ee728b)
Start importing Assets/_Scenes/Confetti2.unity using Guid(c16beb2d969ef47d0832cf02c59e184f) Importer(815301076,1909f56bfc062723c751e8b465ee728b)  -> (artifact id: '5d2331526734a364d753f65742c5cb6d') in 0.002753 seconds 
  Import took 0.007675 seconds .

========================================================================
Received Prepare
Registering precompiled user dll's ...
Registered in 0.016122 seconds.
Begin MonoManager ReloadAssembly
Native extension for OSXStandalone target not found
Native extension for WebGL target not found
Refreshing native plugins compatible for Editor in 0.50 ms, found 2 plugins.
Preloading 0 native plugins for Editor in 0.00 ms.
Mono: successfully reloaded assembly
- Completed reload, in  3.391 seconds
Domain Reload Profiling:
	ReloadAssembly (3395ms)
		BeginReloadAssembly (973ms)
			ExecutionOrderSort (0ms)
			DisableScriptedObjects (59ms)
			BackupInstance (0ms)
			ReleaseScriptingObjects (1ms)
			CreateAndSetChildDomain (384ms)
		EndReloadAssembly (2124ms)
			LoadAssemblies (737ms)
			RebuildTransferFunctionScriptingTraits (0ms)
			SetupTypeCache (774ms)
			ReleaseScriptCaches (1ms)
			RebuildScriptCaches (92ms)
			SetupLoadedEditorAssemblies (632ms)
				LogAssemblyErrors (0ms)
				InitializePlatformSupportModulesInManaged (10ms)
				SetLoadedEditorAssemblies (1ms)
				RefreshPlugins (1ms)
				BeforeProcessingInitializeOnLoad (182ms)
				ProcessInitializeOnLoadAttributes (414ms)
				ProcessInitializeOnLoadMethodAttributes (22ms)
				AfterProcessingInitializeOnLoad (2ms)
				EditorAssembliesLoaded (0ms)
			ExecutionOrderSort2 (0ms)
			AwakeInstancesAfterBackupRestoration (15ms)
Platform modules already initialized, skipping
Refreshing native plugins compatible for Editor in 1.57 ms, found 2 plugins.
Preloading 0 native plugins for Editor in 0.00 ms.
Unloading 1495 Unused Serialized files (Serialized files now loaded: 0)
System memory in use before: 178.1 MB.
System memory in use after: 178.2 MB.

Unloading 15 unused Assets to reduce memory usage. Loaded Objects now: 1997.
Total: 7.589727 ms (FindLiveObjects: 0.387037 ms CreateObjectMapping: 0.117365 ms MarkObjects: 7.023306 ms  DeleteObjects: 0.059851 ms)

AssetImportParameters requested are different than current active one (requested -> active):
  custom:video-decoder-ogg-theora: a1e56fd34408186e4bbccfd4996cb3dc -> 
  custom:container-muxer-webm: aa71ff27fc2769a1b78a27578f13a17b -> 
  custom:container-demuxer-webm: 4f35f7cbe854078d1ac9338744f61a02 -> 
  custom:container-demuxer-ogg: 62fdf1f143b41e24485cea50d1cbac27 -> 
  custom:video-encoder-webm-vp8: eb34c28f22e8b96e1ab97ce403110664 -> 
  custom:framework-osx-AVFoundation: e770b220cccbd017edd2c1fefb359320 -> 
  custom:video-decoder-webm-vp8: 9c59270c3fd7afecdb556c50c9e8de78 -> 
  custom:audio-decoder-ogg-vorbis: bf7c407c2cedff20999df2af8eb42d56 -> 
  custom:audio-encoder-webm-vorbis: bf7c407c2cedff20999df2af8eb42d56 -> 
========================================================================
Received Import Request.
  Time since last request: 998.805749 seconds.
  path: Assets/_Scenes/Confetti2.unity
  artifactKey: Guid(c16beb2d969ef47d0832cf02c59e184f) Importer(815301076,1909f56bfc062723c751e8b465ee728b)
Start importing Assets/_Scenes/Confetti2.unity using Guid(c16beb2d969ef47d0832cf02c59e184f) Importer(815301076,1909f56bfc062723c751e8b465ee728b)  -> (artifact id: '2141f73d93b43392ca8f1a5c6192b0cb') in 0.027835 seconds 
  Import took 0.034676 seconds .

